2013-05-24 17:39:04,925 [MainThread:47864535931328] [model_connect.py:84] [DEBUG]- get redis py success.
2013-05-24 17:39:04,927 [MainThread:47864535931328] [cache_update_process.py:28] [DEBUG]- cache delete key : OURV_351554055516992_8f43
2013-05-24 17:39:04,928 [MainThread:47864535931328] [cache_update_process.py:28] [DEBUG]- cache delete key : OURV_351554055516992_movi
2013-05-24 17:39:04,928 [MainThread:47864535931328] [cache_update_process.py:28] [DEBUG]- cache delete key : OURV_0990001149815655_8f43
2013-05-24 17:39:04,928 [MainThread:47864535931328] [cache_update_process.py:28] [DEBUG]- cache delete key : OURV_98873Nexus136b5_movi
2013-05-24 17:39:04,928 [MainThread:47864535931328] [cache_update_process.py:28] [DEBUG]- cache delete key : OURV_normal_user_id_1_8f43
2013-05-24 17:39:04,928 [MainThread:47864535931328] [cache_update_process.py:28] [DEBUG]- cache delete key : OURV_353868054028876_movi
2013-05-24 17:39:04,928 [MainThread:47864535931328] [cache_update_process.py:28] [DEBUG]- cache delete key : OURV_865509010032757_8f43
2013-05-24 17:39:04,928 [MainThread:47864535931328] [cache_update_process.py:28] [DEBUG]- cache delete key : OURV_353918056289784_8f43
2013-05-24 17:39:04,928 [MainThread:47864535931328] [cache_update_process.py:28] [DEBUG]- cache delete key : OURV_0A1000032D6D2AC_movi
2013-05-24 17:39:04,928 [MainThread:47864535931328] [cache_update_process.py:28] [DEBUG]- cache delete key : OURV_23_8f43
2013-05-24 17:39:04,928 [MainThread:47864535931328] [cache_update_process.py:28] [DEBUG]- cache delete key : OURV_868350012069258_movi
2013-05-24 17:39:04,929 [MainThread:47864535931328] [cache_update_process.py:28] [DEBUG]- cache delete key : OURV_355136059476914_movi
2013-05-24 17:39:04,929 [MainThread:47864535931328] [cache_update_process.py:28] [DEBUG]- cache delete key : OURV_353817054073382_movi
2013-05-24 17:39:04,929 [MainThread:47864535931328] [cache_update_process.py:28] [DEBUG]- cache delete key : OURV_353918058040938_movi
2013-05-24 17:39:04,929 [MainThread:47864535931328] [cache_update_process.py:28] [DEBUG]- cache delete key : OURV_23333_8f43
2013-05-24 17:39:04,929 [MainThread:47864535931328] [cache_update_process.py:28] [DEBUG]- cache delete key : OURV_352343052881768_movi
2013-05-24 17:39:04,929 [MainThread:47864535931328] [cache_update_process.py:28] [DEBUG]- cache delete key : OURV_2369851_8f43
2013-05-24 17:39:04,929 [MainThread:47864535931328] [cache_update_process.py:28] [DEBUG]- cache delete key : OURV_865509010053118_8f43
2013-05-24 17:39:04,929 [MainThread:47864535931328] [cache_update_process.py:28] [DEBUG]- cache delete key : OURV_2369851_movi
2013-05-24 17:39:04,929 [MainThread:47864535931328] [cache_update_process.py:28] [DEBUG]- cache delete key : OURV_25246M040006cb6_movi
2013-05-24 17:39:04,929 [MainThread:47864535931328] [cache_update_process.py:28] [DEBUG]- cache delete key : OURV_53525MZ60401f14_8f43
2013-05-24 17:39:04,930 [MainThread:47864535931328] [cache_update_process.py:28] [DEBUG]- cache delete key : OURV_98873Nexus136b5_8f43
2013-05-24 17:39:04,930 [MainThread:47864535931328] [cache_update_process.py:28] [DEBUG]- cache delete key : OURV_000000000000000_movi
2013-05-24 17:39:04,930 [MainThread:47864535931328] [cache_update_process.py:28] [DEBUG]- cache delete key : OURV_353918058275864_movi
2013-05-24 17:39:04,930 [MainThread:47864535931328] [cache_update_process.py:28] [DEBUG]- cache delete key : OURV_355167050537644_movi
2013-05-24 17:39:04,930 [MainThread:47864535931328] [cache_update_process.py:28] [DEBUG]- cache delete key : OURV_358848048770796_movi
2013-05-24 17:39:04,930 [MainThread:47864535931328] [cache_update_process.py:28] [DEBUG]- cache delete key : OURV_123_movi
2013-05-24 17:39:04,930 [MainThread:47864535931328] [cache_update_process.py:28] [DEBUG]- cache delete key : OURV_0990001149815655_movi
2013-05-24 17:39:04,930 [MainThread:47864535931328] [cache_update_process.py:28] [DEBUG]- cache delete key : OURV_352343052881768_8f43
2013-05-24 17:39:04,930 [MainThread:47864535931328] [cache_update_process.py:28] [DEBUG]- cache delete key : OURV_035151205311028_movi
2013-05-24 17:39:04,930 [MainThread:47864535931328] [cache_update_process.py:28] [DEBUG]- cache delete key : OURV_0990001149856551_8f43
2013-05-24 17:39:04,931 [MainThread:47864535931328] [cache_update_process.py:28] [DEBUG]- cache delete key : OURV_09900011498555_movi
2013-05-24 17:39:04,931 [MainThread:47864535931328] [cache_update_process.py:28] [DEBUG]- cache delete key : OURV_353918058275864_8f43
2013-05-24 17:39:04,931 [MainThread:47864535931328] [cache_update_process.py:28] [DEBUG]- cache delete key : OURV_000000000000000_8f43
2013-05-24 17:39:04,931 [MainThread:47864535931328] [cache_update_process.py:28] [DEBUG]- cache delete key : OURV_09900011498565_8f43
2013-05-24 17:39:04,931 [MainThread:47864535931328] [cache_update_process.py:28] [DEBUG]- cache delete key : OURV_868350012069258_8f43
2013-05-24 17:39:04,931 [MainThread:47864535931328] [cache_update_process.py:28] [DEBUG]- cache delete key : OURV_865509010197410_8f43
2013-05-24 17:39:04,931 [MainThread:47864535931328] [cache_update_process.py:28] [DEBUG]- cache delete key : OURV_09900011498555_8f43
2013-05-24 17:39:04,931 [MainThread:47864535931328] [cache_update_process.py:28] [DEBUG]- cache delete key : OURV_865509010053118_movi
2013-05-24 17:39:04,931 [MainThread:47864535931328] [cache_update_process.py:28] [DEBUG]- cache delete key : OURV_0A1000032D6D2AC_8f43
2013-05-24 17:39:04,932 [MainThread:47864535931328] [cache_update_process.py:28] [DEBUG]- cache delete key : OURV_355167050537644_8f43
2013-05-24 17:39:04,932 [MainThread:47864535931328] [cache_update_process.py:28] [DEBUG]- cache delete key : OURV_035151205311028_8f43
2013-05-24 17:39:04,932 [MainThread:47864535931328] [cache_update_process.py:28] [DEBUG]- cache delete key : OURV_865509010197410_movi
2013-05-24 17:39:04,932 [MainThread:47864535931328] [cache_update_process.py:28] [DEBUG]- cache delete key : OURV_0_movi
2013-05-24 17:39:04,932 [MainThread:47864535931328] [cache_update_process.py:28] [DEBUG]- cache delete key : OURV_865509010032757_movi
2013-05-24 17:39:04,932 [MainThread:47864535931328] [cache_update_process.py:28] [DEBUG]- cache delete key : OURV_0_8f43
2013-05-24 17:39:04,932 [MainThread:47864535931328] [cache_update_process.py:28] [DEBUG]- cache delete key : OURV_23333_movi
2013-05-24 17:39:04,932 [MainThread:47864535931328] [cache_update_process.py:28] [DEBUG]- cache delete key : OURV_431367019028245_8f43
2013-05-24 17:39:04,932 [MainThread:47864535931328] [cache_update_process.py:28] [DEBUG]- cache delete key : OURV_865509010289035_movi
2013-05-24 17:39:04,932 [MainThread:47864535931328] [cache_update_process.py:28] [DEBUG]- cache delete key : OURV_0A0000043401BE9_movi
2013-05-24 17:39:04,933 [MainThread:47864535931328] [cache_update_process.py:28] [DEBUG]- cache delete key : OURV_431367019028245_movi
2013-05-24 17:39:04,933 [MainThread:47864535931328] [cache_update_process.py:28] [DEBUG]- cache delete key : OURV_357215049935144_movi
2013-05-24 17:39:04,933 [MainThread:47864535931328] [cache_update_process.py:28] [DEBUG]- cache delete key : OURV_53525MZ60401f14_movi
2013-05-24 17:39:04,933 [MainThread:47864535931328] [cache_update_process.py:28] [DEBUG]- cache delete key : OURV_358882040245127_8f43
2013-05-24 17:39:04,933 [MainThread:47864535931328] [cache_update_process.py:28] [DEBUG]- cache delete key : OURV_09900011498565_movi
2013-05-24 17:39:04,933 [MainThread:47864535931328] [cache_update_process.py:28] [DEBUG]- cache delete key : OURV_51934M040009146_8f43
2013-05-24 17:39:04,933 [MainThread:47864535931328] [cache_update_process.py:28] [DEBUG]- cache delete key : OURV_353817054073382_8f43
2013-05-24 17:39:04,933 [MainThread:47864535931328] [cache_update_process.py:28] [DEBUG]- cache delete key : OURV_25246M040006cb6_8f43
2013-05-24 17:39:04,933 [MainThread:47864535931328] [cache_update_process.py:28] [DEBUG]- cache delete key : OURV_0990001149856551_movi
2013-05-24 17:39:04,933 [MainThread:47864535931328] [cache_update_process.py:28] [DEBUG]- cache delete key : OURV_355136059476914_8f43
2013-05-24 17:39:04,934 [MainThread:47864535931328] [cache_update_process.py:28] [DEBUG]- cache delete key : OURV_normal_user_id_1_movi
2013-05-24 17:39:04,934 [MainThread:47864535931328] [cache_update_process.py:28] [DEBUG]- cache delete key : OURV_123_8f43
2013-05-24 17:39:04,934 [MainThread:47864535931328] [cache_update_process.py:28] [DEBUG]- cache delete key : OURV_865509010289035_8f43
2013-05-24 17:39:04,934 [MainThread:47864535931328] [cache_update_process.py:28] [DEBUG]- cache delete key : OURV_353918056289784_movi
2013-05-24 17:39:04,934 [MainThread:47864535931328] [cache_update_process.py:28] [DEBUG]- cache delete key : OURV_099000114985655_8f43
2013-05-24 17:39:04,934 [MainThread:47864535931328] [cache_update_process.py:28] [DEBUG]- cache delete key : OURV_358882040245127_movi
2013-05-24 17:39:04,934 [MainThread:47864535931328] [cache_update_process.py:28] [DEBUG]- cache delete key : OURV_12345_2432
2013-05-24 17:39:04,934 [MainThread:47864535931328] [cache_update_process.py:28] [DEBUG]- cache delete key : OURV_51934M040009146_movi
2013-05-24 17:39:04,934 [MainThread:47864535931328] [cache_update_process.py:28] [DEBUG]- cache delete key : OURV_353918058040938_8f43
2013-05-24 17:39:04,934 [MainThread:47864535931328] [cache_update_process.py:28] [DEBUG]- cache delete key : OURV_353868054028876_8f43
2013-05-24 17:39:04,935 [MainThread:47864535931328] [cache_update_process.py:28] [DEBUG]- cache delete key : OURV_0A0000043401BE9_8f43
2013-05-24 17:39:04,935 [MainThread:47864535931328] [cache_update_process.py:28] [DEBUG]- cache delete key : OURV_358848048770796_8f43
2013-05-24 17:39:04,935 [MainThread:47864535931328] [cache_update_process.py:28] [DEBUG]- cache delete key : OURV_357215049935144_8f43
2013-05-24 17:39:04,935 [MainThread:47864535931328] [cache_update_process.py:28] [DEBUG]- cache delete key : OURV_099000114985655_movi
2013-05-24 17:39:04,935 [MainThread:47864535931328] [cache_update_process.py:28] [DEBUG]- cache delete key : OURV_23_movi
2013-05-24 17:39:04,949 [MainThread:47864535931328] [cache_update_process.py:34] [DEBUG]- cache batch delete data, pipeline execute success.
2013-05-24 17:39:04,950 [MainThread:47864535931328] [cache_update_process.py:28] [DEBUG]- cache delete key : OUFL_98873Nexus136b5_movi
2013-05-24 17:39:04,950 [MainThread:47864535931328] [cache_update_process.py:28] [DEBUG]- cache delete key : OUFL_353918058040938_movi
2013-05-24 17:39:04,950 [MainThread:47864535931328] [cache_update_process.py:28] [DEBUG]- cache delete key : OUFL_353817054073382_movi
2013-05-24 17:39:04,950 [MainThread:47864535931328] [cache_update_process.py:28] [DEBUG]- cache delete key : OUFL_865509010053118_movi
2013-05-24 17:39:04,951 [MainThread:47864535931328] [cache_update_process.py:28] [DEBUG]- cache delete key : OUFL_0A1000032D6D2AC_movi
2013-05-24 17:39:04,951 [MainThread:47864535931328] [cache_update_process.py:28] [DEBUG]- cache delete key : OUFL_53525MZ60401f14_movi
2013-05-24 17:39:04,951 [MainThread:47864535931328] [cache_update_process.py:28] [DEBUG]- cache delete key : OUFL_2369851_movi
2013-05-24 17:39:04,952 [MainThread:47864535931328] [cache_update_process.py:34] [DEBUG]- cache batch delete data, pipeline execute success.
2013-05-24 17:39:04,953 [MainThread:47864535931328] [cache_update_process.py:28] [DEBUG]- cache delete key : OUFR_98873Nexus136b5
2013-05-24 17:39:04,953 [MainThread:47864535931328] [cache_update_process.py:28] [DEBUG]- cache delete key : OUFR_865509010197410
2013-05-24 17:39:04,953 [MainThread:47864535931328] [cache_update_process.py:28] [DEBUG]- cache delete key : OUFR_0A0000043401BE9
2013-05-24 17:39:04,953 [MainThread:47864535931328] [cache_update_process.py:28] [DEBUG]- cache delete key : OUFR_23
2013-05-24 17:39:04,953 [MainThread:47864535931328] [cache_update_process.py:28] [DEBUG]- cache delete key : OUFR_0
2013-05-24 17:39:04,953 [MainThread:47864535931328] [cache_update_process.py:28] [DEBUG]- cache delete key : OUFR_352343052881768
2013-05-24 17:39:04,953 [MainThread:47864535931328] [cache_update_process.py:28] [DEBUG]- cache delete key : OUFR_2369851
2013-05-24 17:39:04,953 [MainThread:47864535931328] [cache_update_process.py:28] [DEBUG]- cache delete key : OUFR_865509010032757
2013-05-24 17:39:04,954 [MainThread:47864535931328] [cache_update_process.py:28] [DEBUG]- cache delete key : OUFR_0990001149815655
2013-05-24 17:39:04,954 [MainThread:47864535931328] [cache_update_process.py:28] [DEBUG]- cache delete key : OUFR_355167050537644
2013-05-24 17:39:04,954 [MainThread:47864535931328] [cache_update_process.py:28] [DEBUG]- cache delete key : OUFR_353918058040938
2013-05-24 17:39:04,954 [MainThread:47864535931328] [cache_update_process.py:28] [DEBUG]- cache delete key : OUFR_23333
2013-05-24 17:39:04,954 [MainThread:47864535931328] [cache_update_process.py:28] [DEBUG]- cache delete key : OUFR_358848048770796
2013-05-24 17:39:04,954 [MainThread:47864535931328] [cache_update_process.py:28] [DEBUG]- cache delete key : OUFR_099000114985655
2013-05-24 17:39:04,954 [MainThread:47864535931328] [cache_update_process.py:28] [DEBUG]- cache delete key : OUFR_431367019028245
2013-05-24 17:39:04,954 [MainThread:47864535931328] [cache_update_process.py:28] [DEBUG]- cache delete key : OUFR_865509010053118
2013-05-24 17:39:04,954 [MainThread:47864535931328] [cache_update_process.py:28] [DEBUG]- cache delete key : OUFR_53525MZ60401f14
2013-05-24 17:39:04,954 [MainThread:47864535931328] [cache_update_process.py:28] [DEBUG]- cache delete key : OUFR_123
2013-05-24 17:39:04,955 [MainThread:47864535931328] [cache_update_process.py:28] [DEBUG]- cache delete key : OUFR_355136059476914
2013-05-24 17:39:04,955 [MainThread:47864535931328] [cache_update_process.py:28] [DEBUG]- cache delete key : OUFR_0A1000032D6D2AC
2013-05-24 17:39:04,955 [MainThread:47864535931328] [cache_update_process.py:28] [DEBUG]- cache delete key : OUFR_09900011498555
2013-05-24 17:39:04,955 [MainThread:47864535931328] [cache_update_process.py:28] [DEBUG]- cache delete key : OUFR_000000000000000
2013-05-24 17:39:04,955 [MainThread:47864535931328] [cache_update_process.py:28] [DEBUG]- cache delete key : OUFR_353868054028876
2013-05-24 17:39:04,955 [MainThread:47864535931328] [cache_update_process.py:28] [DEBUG]- cache delete key : OUFR_358882040245127
2013-05-24 17:39:04,955 [MainThread:47864535931328] [cache_update_process.py:28] [DEBUG]- cache delete key : OUFR_868350012069258
2013-05-24 17:39:04,955 [MainThread:47864535931328] [cache_update_process.py:28] [DEBUG]- cache delete key : OUFR_51934M040009146
2013-05-24 17:39:04,955 [MainThread:47864535931328] [cache_update_process.py:28] [DEBUG]- cache delete key : OUFR_normal_user_id_1
2013-05-24 17:39:04,955 [MainThread:47864535931328] [cache_update_process.py:28] [DEBUG]- cache delete key : OUFR_353918056289784
2013-05-24 17:39:04,956 [MainThread:47864535931328] [cache_update_process.py:28] [DEBUG]- cache delete key : OUFR_357215049935144
2013-05-24 17:39:04,956 [MainThread:47864535931328] [cache_update_process.py:28] [DEBUG]- cache delete key : OUFR_035151205311028
2013-05-24 17:39:04,956 [MainThread:47864535931328] [cache_update_process.py:28] [DEBUG]- cache delete key : OUFR_353817054073382
2013-05-24 17:39:04,956 [MainThread:47864535931328] [cache_update_process.py:28] [DEBUG]- cache delete key : OUFR_353918058275864
2013-05-24 17:39:04,956 [MainThread:47864535931328] [cache_update_process.py:28] [DEBUG]- cache delete key : OUFR_0990001149856551
2013-05-24 17:39:04,956 [MainThread:47864535931328] [cache_update_process.py:28] [DEBUG]- cache delete key : OUFR_09900011498565
2013-05-24 17:39:04,956 [MainThread:47864535931328] [cache_update_process.py:28] [DEBUG]- cache delete key : OUFR_351554055516992
2013-05-24 17:39:04,956 [MainThread:47864535931328] [cache_update_process.py:28] [DEBUG]- cache delete key : OUFR_25246M040006cb6
2013-05-24 17:39:04,956 [MainThread:47864535931328] [cache_update_process.py:28] [DEBUG]- cache delete key : OUFR_865509010289035
2013-05-24 17:39:04,958 [MainThread:47864535931328] [cache_update_process.py:34] [DEBUG]- cache batch delete data, pipeline execute success.
2013-05-24 17:39:04,959 [MainThread:47864535931328] [cache_update_process.py:28] [DEBUG]- cache delete key : OUFI_53525MZ60401f14_movi
2013-05-24 17:39:04,959 [MainThread:47864535931328] [cache_update_process.py:28] [DEBUG]- cache delete key : OUFI_98873Nexus136b5_movi
2013-05-24 17:39:04,959 [MainThread:47864535931328] [cache_update_process.py:28] [DEBUG]- cache delete key : OUFI_865509010053118_movi
2013-05-24 17:39:04,959 [MainThread:47864535931328] [cache_update_process.py:28] [DEBUG]- cache delete key : OUFI_353918058040938_movi
2013-05-24 17:39:04,959 [MainThread:47864535931328] [cache_update_process.py:28] [DEBUG]- cache delete key : OUFI_2369851_movi
2013-05-24 17:39:04,959 [MainThread:47864535931328] [cache_update_process.py:28] [DEBUG]- cache delete key : OUFI_12345_2432
2013-05-24 17:39:04,959 [MainThread:47864535931328] [cache_update_process.py:28] [DEBUG]- cache delete key : OUFI_353817054073382_movi
2013-05-24 17:39:04,959 [MainThread:47864535931328] [cache_update_process.py:28] [DEBUG]- cache delete key : OUFI_0A1000032D6D2AC_movi
2013-05-24 17:39:04,960 [MainThread:47864535931328] [cache_update_process.py:34] [DEBUG]- cache batch delete data, pipeline execute success.
2013-05-24 17:39:04,961 [MainThread:47864535931328] [cache_update_process.py:28] [DEBUG]- cache delete key : OUPI_865509010053118
2013-05-24 17:39:04,961 [MainThread:47864535931328] [cache_update_process.py:28] [DEBUG]- cache delete key : OUPI_25246M040006cb6
2013-05-24 17:39:04,961 [MainThread:47864535931328] [cache_update_process.py:28] [DEBUG]- cache delete key : OUPI_0990001149856551
2013-05-24 17:39:04,961 [MainThread:47864535931328] [cache_update_process.py:28] [DEBUG]- cache delete key : OUPI_51934M040009146
2013-05-24 17:39:04,961 [MainThread:47864535931328] [cache_update_process.py:28] [DEBUG]- cache delete key : OUPI_865509010289035
2013-05-24 17:39:04,962 [MainThread:47864535931328] [cache_update_process.py:28] [DEBUG]- cache delete key : OUPI_353918058040938
2013-05-24 17:39:04,962 [MainThread:47864535931328] [cache_update_process.py:28] [DEBUG]- cache delete key : OUPI_23333
2013-05-24 17:39:04,962 [MainThread:47864535931328] [cache_update_process.py:28] [DEBUG]- cache delete key : OUPI_normal_user_id_1
2013-05-24 17:39:04,962 [MainThread:47864535931328] [cache_update_process.py:28] [DEBUG]- cache delete key : OUPI_358848048770796
2013-05-24 17:39:04,962 [MainThread:47864535931328] [cache_update_process.py:28] [DEBUG]- cache delete key : OUPI_53525MZ60401f14
2013-05-24 17:39:04,962 [MainThread:47864535931328] [cache_update_process.py:28] [DEBUG]- cache delete key : OUPI_035151205311028
2013-05-24 17:39:04,962 [MainThread:47864535931328] [cache_update_process.py:28] [DEBUG]- cache delete key : OUPI_353918056289784
2013-05-24 17:39:04,962 [MainThread:47864535931328] [cache_update_process.py:28] [DEBUG]- cache delete key : OUPI_351554055516992
2013-05-24 17:39:04,962 [MainThread:47864535931328] [cache_update_process.py:28] [DEBUG]- cache delete key : OUPI_123
2013-05-24 17:39:04,962 [MainThread:47864535931328] [cache_update_process.py:28] [DEBUG]- cache delete key : OUPI_355136059476914
2013-05-24 17:39:04,963 [MainThread:47864535931328] [cache_update_process.py:28] [DEBUG]- cache delete key : OUPI_98873Nexus136b5
2013-05-24 17:39:04,963 [MainThread:47864535931328] [cache_update_process.py:28] [DEBUG]- cache delete key : OUPI_868350012069258
2013-05-24 17:39:04,963 [MainThread:47864535931328] [cache_update_process.py:28] [DEBUG]- cache delete key : OUPI_353868054028876
2013-05-24 17:39:04,963 [MainThread:47864535931328] [cache_update_process.py:28] [DEBUG]- cache delete key : OUPI_353817054073382
2013-05-24 17:39:04,963 [MainThread:47864535931328] [cache_update_process.py:28] [DEBUG]- cache delete key : OUPI_865509010197410
2013-05-24 17:39:04,963 [MainThread:47864535931328] [cache_update_process.py:28] [DEBUG]- cache delete key : OUPI_353918058275864
2013-05-24 17:39:04,963 [MainThread:47864535931328] [cache_update_process.py:28] [DEBUG]- cache delete key : OUPI_355167050537644
2013-05-24 17:39:04,963 [MainThread:47864535931328] [cache_update_process.py:28] [DEBUG]- cache delete key : OUPI_865509010032757
2013-05-24 17:39:04,963 [MainThread:47864535931328] [cache_update_process.py:28] [DEBUG]- cache delete key : OUPI_0990001149815655
2013-05-24 17:39:04,963 [MainThread:47864535931328] [cache_update_process.py:28] [DEBUG]- cache delete key : OUPI_23
2013-05-24 17:39:04,964 [MainThread:47864535931328] [cache_update_process.py:28] [DEBUG]- cache delete key : OUPI_0A0000043401BE9
2013-05-24 17:39:04,964 [MainThread:47864535931328] [cache_update_process.py:28] [DEBUG]- cache delete key : OUPI_09900011498555
2013-05-24 17:39:04,964 [MainThread:47864535931328] [cache_update_process.py:28] [DEBUG]- cache delete key : OUPI_0A1000032D6D2AC
2013-05-24 17:39:04,964 [MainThread:47864535931328] [cache_update_process.py:28] [DEBUG]- cache delete key : OUPI_431367019028245
2013-05-24 17:39:04,964 [MainThread:47864535931328] [cache_update_process.py:28] [DEBUG]- cache delete key : OUPI_357215049935144
2013-05-24 17:39:04,964 [MainThread:47864535931328] [cache_update_process.py:28] [DEBUG]- cache delete key : OUPI_358882040245127
2013-05-24 17:39:04,964 [MainThread:47864535931328] [cache_update_process.py:28] [DEBUG]- cache delete key : OUPI_099000114985655
2013-05-24 17:39:04,964 [MainThread:47864535931328] [cache_update_process.py:28] [DEBUG]- cache delete key : OUPI_09900011498565
2013-05-24 17:39:04,964 [MainThread:47864535931328] [cache_update_process.py:28] [DEBUG]- cache delete key : OUPI_000000000000000
2013-05-24 17:39:04,964 [MainThread:47864535931328] [cache_update_process.py:28] [DEBUG]- cache delete key : OUPI_352343052881768
2013-05-24 17:39:04,965 [MainThread:47864535931328] [cache_update_process.py:28] [DEBUG]- cache delete key : OUPI_2369851
2013-05-24 17:39:04,965 [MainThread:47864535931328] [cache_update_process.py:28] [DEBUG]- cache delete key : OUPI_0
2013-05-24 17:39:04,966 [MainThread:47864535931328] [cache_update_process.py:34] [DEBUG]- cache batch delete data, pipeline execute success.
